code/build-App-Android_Qt_6_1_3_Clang_armeabi_v7a-Debug/android-build/build/intermediates/manifest_merge_blame_file/debug/manifest-merger-blame-debug-report.txt
1<?xml version="1.0" encoding="utf-8"?>
2<manifest xmlns:android="http://schemas.android.com/apk/res/android"
3    package="org.qtproject.example.App"
4    android:installLocation="auto"
5    android:versionCode="1"
6    android:versionName="1.0" >
7
8    <uses-sdk
9        android:minSdkVersion="23"
9-->build-App-Android_Qt_6_1_3_Clang_armeabi_v7a-Debug/android-build/AndroidManifest.xml
10        android:targetSdkVersion="29" />
10-->build-App-Android_Qt_6_1_3_Clang_armeabi_v7a-Debug/android-build/AndroidManifest.xml
11    <!--
12         The following comment will be replaced upon deployment with default permissions based on the dependencies of the application.
13         Remove the comment if you do not require these default permissions.
14    -->
15    <uses-permission android:name="android.permission.INTERNET" />
15-->build-App-Android_Qt_6_1_3_Clang_armeabi_v7a-Debug/android-build/AndroidManifest.xml:5:5-67
15-->build-App-Android_Qt_6_1_3_Clang_armeabi_v7a-Debug/android-build/AndroidManifest.xml:5:22-64
16    <uses-permission android:name="android.permission.WRITE_EXTERNAL_STORAGE" />
16-->build-App-Android_Qt_6_1_3_Clang_armeabi_v7a-Debug/android-build/AndroidManifest.xml:6:5-81
16-->build-App-Android_Qt_6_1_3_Clang_armeabi_v7a-Debug/android-build/AndroidManifest.xml:6:22-78
17    <uses-permission android:name="android.permission.ACCESS_NETWORK_STATE" />
17-->build-App-Android_Qt_6_1_3_Clang_armeabi_v7a-Debug/android-build/AndroidManifest.xml:7:5-79
17-->build-App-Android_Qt_6_1_3_Clang_armeabi_v7a-Debug/android-build/AndroidManifest.xml:7:22-76
18
19    <!--
20         The following comment will be replaced upon deployment with default features based on the dependencies of the application.
21         Remove the comment if you do not require these default features.
22    -->
23
24    <supports-screens
24-->build-App-Android_Qt_6_1_3_Clang_armeabi_v7a-Debug/android-build/AndroidManifest.xml:13:5-135
25        android:anyDensity="true"
25-->build-App-Android_Qt_6_1_3_Clang_armeabi_v7a-Debug/android-build/AndroidManifest.xml:13:80-105
26        android:largeScreens="true"
26-->build-App-Android_Qt_6_1_3_Clang_armeabi_v7a-Debug/android-build/AndroidManifest.xml:13:23-50
27        android:normalScreens="true"
27-->build-App-Android_Qt_6_1_3_Clang_armeabi_v7a-Debug/android-build/AndroidManifest.xml:13:51-79
28        android:smallScreens="true" />
28-->build-App-Android_Qt_6_1_3_Clang_armeabi_v7a-Debug/android-build/AndroidManifest.xml:13:106-133
29
30    <application
30-->build-App-Android_Qt_6_1_3_Clang_armeabi_v7a-Debug/android-build/AndroidManifest.xml:14:5-80:19
31        android:name="org.qtproject.qt.android.bindings.QtApplication"
31-->build-App-Android_Qt_6_1_3_Clang_armeabi_v7a-Debug/android-build/AndroidManifest.xml:14:53-115
32        android:debuggable="true"
33        android:extractNativeLibs="true"
33-->build-App-Android_Qt_6_1_3_Clang_armeabi_v7a-Debug/android-build/AndroidManifest.xml:14:136-168
34        android:hardwareAccelerated="true"
34-->build-App-Android_Qt_6_1_3_Clang_armeabi_v7a-Debug/android-build/AndroidManifest.xml:14:18-52
35        android:label="App"
35-->build-App-Android_Qt_6_1_3_Clang_armeabi_v7a-Debug/android-build/AndroidManifest.xml:14:116-135
36        android:requestLegacyExternalStorage="true" >
36-->build-App-Android_Qt_6_1_3_Clang_armeabi_v7a-Debug/android-build/AndroidManifest.xml:14:169-212
37        <activity
37-->build-App-Android_Qt_6_1_3_Clang_armeabi_v7a-Debug/android-build/AndroidManifest.xml:15:9-76:16
38            android:name="org.qtproject.qt.android.bindings.QtActivity"
38-->build-App-Android_Qt_6_1_3_Clang_armeabi_v7a-Debug/android-build/AndroidManifest.xml:15:189-248
39            android:configChanges="orientation|uiMode|screenLayout|screenSize|smallestScreenSize|layoutDirection|locale|fontScale|keyboard|keyboardHidden|navigation|mcc|mnc|density"
39-->build-App-Android_Qt_6_1_3_Clang_armeabi_v7a-Debug/android-build/AndroidManifest.xml:15:19-188
40            android:label="App"
40-->build-App-Android_Qt_6_1_3_Clang_armeabi_v7a-Debug/android-build/AndroidManifest.xml:15:249-268
41            android:launchMode="singleTop"
41-->build-App-Android_Qt_6_1_3_Clang_armeabi_v7a-Debug/android-build/AndroidManifest.xml:15:309-339
42            android:screenOrientation="unspecified" >
42-->build-App-Android_Qt_6_1_3_Clang_armeabi_v7a-Debug/android-build/AndroidManifest.xml:15:269-308
43            <intent-filter>
43-->build-App-Android_Qt_6_1_3_Clang_armeabi_v7a-Debug/android-build/AndroidManifest.xml:16:13-19:29
44                <action android:name="android.intent.action.MAIN" />
44-->build-App-Android_Qt_6_1_3_Clang_armeabi_v7a-Debug/android-build/AndroidManifest.xml:17:17-68
44-->build-App-Android_Qt_6_1_3_Clang_armeabi_v7a-Debug/android-build/AndroidManifest.xml:17:25-66
45
46                <category android:name="android.intent.category.LAUNCHER" />
46-->build-App-Android_Qt_6_1_3_Clang_armeabi_v7a-Debug/android-build/AndroidManifest.xml:18:17-76
46-->build-App-Android_Qt_6_1_3_Clang_armeabi_v7a-Debug/android-build/AndroidManifest.xml:18:27-74
47            </intent-filter>
48
49            <!-- Application arguments -->
50            <meta-data
50-->build-App-Android_Qt_6_1_3_Clang_armeabi_v7a-Debug/android-build/AndroidManifest.xml:22:13-79
51                android:name="android.app.arguments"
51-->build-App-Android_Qt_6_1_3_Clang_armeabi_v7a-Debug/android-build/AndroidManifest.xml:22:24-60
52                android:value="" />
52-->build-App-Android_Qt_6_1_3_Clang_armeabi_v7a-Debug/android-build/AndroidManifest.xml:22:61-77
53            <!-- Application arguments -->
54
55            <meta-data
55-->build-App-Android_Qt_6_1_3_Clang_armeabi_v7a-Debug/android-build/AndroidManifest.xml:25:13-81
56                android:name="android.app.lib_name"
56-->build-App-Android_Qt_6_1_3_Clang_armeabi_v7a-Debug/android-build/AndroidManifest.xml:25:24-59
57                android:value="App" />
57-->build-App-Android_Qt_6_1_3_Clang_armeabi_v7a-Debug/android-build/AndroidManifest.xml:25:60-79
58            <meta-data
58-->build-App-Android_Qt_6_1_3_Clang_armeabi_v7a-Debug/android-build/AndroidManifest.xml:26:13-112
59                android:name="android.app.qt_sources_resource_id"
59-->build-App-Android_Qt_6_1_3_Clang_armeabi_v7a-Debug/android-build/AndroidManifest.xml:26:24-73
60                android:resource="@array/qt_sources" />
60-->build-App-Android_Qt_6_1_3_Clang_armeabi_v7a-Debug/android-build/AndroidManifest.xml:26:74-110
61            <meta-data
61-->build-App-Android_Qt_6_1_3_Clang_armeabi_v7a-Debug/android-build/AndroidManifest.xml:27:13-87
62                android:name="android.app.repository"
62-->build-App-Android_Qt_6_1_3_Clang_armeabi_v7a-Debug/android-build/AndroidManifest.xml:27:24-61
63                android:value="default" />
63-->build-App-Android_Qt_6_1_3_Clang_armeabi_v7a-Debug/android-build/AndroidManifest.xml:27:62-85
64            <meta-data
64-->build-App-Android_Qt_6_1_3_Clang_armeabi_v7a-Debug/android-build/AndroidManifest.xml:28:13-106
65                android:name="android.app.qt_libs_resource_id"
65-->build-App-Android_Qt_6_1_3_Clang_armeabi_v7a-Debug/android-build/AndroidManifest.xml:28:24-70
66                android:resource="@array/qt_libs" />
66-->build-App-Android_Qt_6_1_3_Clang_armeabi_v7a-Debug/android-build/AndroidManifest.xml:28:71-104
67            <meta-data
67-->build-App-Android_Qt_6_1_3_Clang_armeabi_v7a-Debug/android-build/AndroidManifest.xml:29:13-116
68                android:name="android.app.bundled_libs_resource_id"
68-->build-App-Android_Qt_6_1_3_Clang_armeabi_v7a-Debug/android-build/AndroidManifest.xml:29:24-75
69                android:resource="@array/bundled_libs" />
69-->build-App-Android_Qt_6_1_3_Clang_armeabi_v7a-Debug/android-build/AndroidManifest.xml:29:76-114
70            <!-- Deploy Qt libs as part of package -->
71            <meta-data
71-->build-App-Android_Qt_6_1_3_Clang_armeabi_v7a-Debug/android-build/AndroidManifest.xml:31:13-91
72                android:name="android.app.bundle_local_qt_libs"
72-->build-App-Android_Qt_6_1_3_Clang_armeabi_v7a-Debug/android-build/AndroidManifest.xml:31:24-71
73                android:value="1" />
73-->build-App-Android_Qt_6_1_3_Clang_armeabi_v7a-Debug/android-build/AndroidManifest.xml:31:72-89
74
75            <!-- Run with local libs -->
76            <meta-data
76-->build-App-Android_Qt_6_1_3_Clang_armeabi_v7a-Debug/android-build/AndroidManifest.xml:34:13-88
77                android:name="android.app.use_local_qt_libs"
77-->build-App-Android_Qt_6_1_3_Clang_armeabi_v7a-Debug/android-build/AndroidManifest.xml:34:24-68
78                android:value="1" />
78-->build-App-Android_Qt_6_1_3_Clang_armeabi_v7a-Debug/android-build/AndroidManifest.xml:34:69-86
79            <meta-data
79-->build-App-Android_Qt_6_1_3_Clang_armeabi_v7a-Debug/android-build/AndroidManifest.xml:35:13-100
80                android:name="android.app.libs_prefix"
80-->build-App-Android_Qt_6_1_3_Clang_armeabi_v7a-Debug/android-build/AndroidManifest.xml:35:24-62
81                android:value="/data/local/tmp/qt/" />
81-->build-App-Android_Qt_6_1_3_Clang_armeabi_v7a-Debug/android-build/AndroidManifest.xml:35:63-98
82            <meta-data
82-->build-App-Android_Qt_6_1_3_Clang_armeabi_v7a-Debug/android-build/AndroidManifest.xml:36:13-122
83                android:name="android.app.load_local_libs_resource_id"
83-->build-App-Android_Qt_6_1_3_Clang_armeabi_v7a-Debug/android-build/AndroidManifest.xml:36:24-78
84                android:resource="@array/load_local_libs" />
84-->build-App-Android_Qt_6_1_3_Clang_armeabi_v7a-Debug/android-build/AndroidManifest.xml:36:79-120
85            <meta-data
85-->build-App-Android_Qt_6_1_3_Clang_armeabi_v7a-Debug/android-build/AndroidManifest.xml:37:13-173
86                android:name="android.app.load_local_jars"
86-->build-App-Android_Qt_6_1_3_Clang_armeabi_v7a-Debug/android-build/AndroidManifest.xml:37:24-66
87                android:value="jar/Qt6Android.jar:jar/Qt6AndroidNetwork.jar:jar/Qt6AndroidNetworkInformationBackend.jar" />
87-->build-App-Android_Qt_6_1_3_Clang_armeabi_v7a-Debug/android-build/AndroidManifest.xml:37:67-171
88            <meta-data
88-->build-App-Android_Qt_6_1_3_Clang_armeabi_v7a-Debug/android-build/AndroidManifest.xml:38:13-89
89                android:name="android.app.static_init_classes"
89-->build-App-Android_Qt_6_1_3_Clang_armeabi_v7a-Debug/android-build/AndroidManifest.xml:38:24-70
90                android:value="" />
90-->build-App-Android_Qt_6_1_3_Clang_armeabi_v7a-Debug/android-build/AndroidManifest.xml:38:71-87
91            <!-- Used to specify custom system library path to run with local system libs -->
92            <!-- <meta-data android:name="android.app.system_libs_prefix" android:value="/system/lib/"/> -->
93            <!-- Messages maps -->
94            <meta-data
94-->build-App-Android_Qt_6_1_3_Clang_armeabi_v7a-Debug/android-build/AndroidManifest.xml:42:13-122
95                android:name="android.app.ministro_not_found_msg"
95-->build-App-Android_Qt_6_1_3_Clang_armeabi_v7a-Debug/android-build/AndroidManifest.xml:42:71-120
96                android:value="@string/ministro_not_found_msg" />
96-->build-App-Android_Qt_6_1_3_Clang_armeabi_v7a-Debug/android-build/AndroidManifest.xml:42:24-70
97            <meta-data
97-->build-App-Android_Qt_6_1_3_Clang_armeabi_v7a-Debug/android-build/AndroidManifest.xml:43:13-116
98                android:name="android.app.ministro_needed_msg"
98-->build-App-Android_Qt_6_1_3_Clang_armeabi_v7a-Debug/android-build/AndroidManifest.xml:43:68-114
99                android:value="@string/ministro_needed_msg" />
99-->build-App-Android_Qt_6_1_3_Clang_armeabi_v7a-Debug/android-build/AndroidManifest.xml:43:24-67
100            <meta-data
100-->build-App-Android_Qt_6_1_3_Clang_armeabi_v7a-Debug/android-build/AndroidManifest.xml:44:13-108
101                android:name="android.app.fatal_error_msg"
101-->build-App-Android_Qt_6_1_3_Clang_armeabi_v7a-Debug/android-build/AndroidManifest.xml:44:64-106
102                android:value="@string/fatal_error_msg" />
102-->build-App-Android_Qt_6_1_3_Clang_armeabi_v7a-Debug/android-build/AndroidManifest.xml:44:24-63
103            <meta-data
103-->build-App-Android_Qt_6_1_3_Clang_armeabi_v7a-Debug/android-build/AndroidManifest.xml:45:13-132
104                android:name="android.app.unsupported_android_version"
104-->build-App-Android_Qt_6_1_3_Clang_armeabi_v7a-Debug/android-build/AndroidManifest.xml:45:76-130
105                android:value="@string/unsupported_android_version" />
105-->build-App-Android_Qt_6_1_3_Clang_armeabi_v7a-Debug/android-build/AndroidManifest.xml:45:24-75
106            <!-- Messages maps -->
107
108
109            <!-- Splash screen -->
110            <!--
111                 Orientation-specific (portrait/landscape) data is checked first. If not available for current orientation,
112                 then android.app.splash_screen_drawable. For best results, use together with splash_screen_sticky and
113                 use hideSplashScreen() with a fade-out animation from Qt Android Extras to hide the splash screen when you
114                 are done populating your window with content.
115            -->
116            <!-- meta-data android:name="android.app.splash_screen_drawable_portrait" android:resource="@drawable/logo_portrait" / -->
117            <!-- meta-data android:name="android.app.splash_screen_drawable_landscape" android:resource="@drawable/logo_landscape" / -->
118            <!-- meta-data android:name="android.app.splash_screen_drawable" android:resource="@drawable/logo"/ -->
119            <!-- meta-data android:name="android.app.splash_screen_sticky" android:value="true"/ -->
120            <!-- Splash screen -->
121
122
123            <!-- Background running -->
124            <!--
125                 Warning: changing this value to true may cause unexpected crashes if the
126                          application still try to draw after
127                          "applicationStateChanged(Qt::ApplicationSuspended)"
128                          signal is sent!
129            -->
130            <meta-data
130-->build-App-Android_Qt_6_1_3_Clang_armeabi_v7a-Debug/android-build/AndroidManifest.xml:64:13-93
131                android:name="android.app.background_running"
131-->build-App-Android_Qt_6_1_3_Clang_armeabi_v7a-Debug/android-build/AndroidManifest.xml:64:24-69
132                android:value="false" />
132-->build-App-Android_Qt_6_1_3_Clang_armeabi_v7a-Debug/android-build/AndroidManifest.xml:64:70-91
133            <!-- Background running -->
134
135
136            <!-- extract android style -->
137            <!--
138                 available android:values :
139                * default - In most cases this will be the same as "full", but it can also be something else if needed, e.g., for compatibility reasons
140                * full - useful QWidget & Quick Controls 1 apps
141                * minimal - useful for Quick Controls 2 apps, it is much faster than "full"
142                * none - useful for apps that don't use any of the above Qt modules
143            -->
144            <meta-data
144-->build-App-Android_Qt_6_1_3_Clang_armeabi_v7a-Debug/android-build/AndroidManifest.xml:74:13-98
145                android:name="android.app.extract_android_style"
145-->build-App-Android_Qt_6_1_3_Clang_armeabi_v7a-Debug/android-build/AndroidManifest.xml:74:24-72
146                android:value="minimal" />
146-->build-App-Android_Qt_6_1_3_Clang_armeabi_v7a-Debug/android-build/AndroidManifest.xml:74:73-96
147            <!-- extract android style -->
148        </activity>
149
150        <!-- For adding service(s) please check: https://wiki.qt.io/AndroidServices -->
151
152    </application>
153
154</manifest>